  G32_AA2-2.vcxproj -> C:\Users\aweiland\Desktop\TdP_Bomberman\\bin\x64Debug\G32_AA2-2.exe
  G32_AA2-2.vcxproj -> C:\Users\aweiland\Desktop\TdP_Bomberman\\bin\x64Debug\G32_AA2-2.pdb (Partial PDB)
  C:\Users\aweiland\Desktop\TdP_Bomberman\\dep\dll\x64\libFLAC-8.dll
  C:\Users\aweiland\Desktop\TdP_Bomberman\\dep\dll\x64\libfreetype-6.dll
  C:\Users\aweiland\Desktop\TdP_Bomberman\\dep\dll\x64\libjpeg-9.dll
  C:\Users\aweiland\Desktop\TdP_Bomberman\\dep\dll\x64\libmikmod-2.dll
  C:\Users\aweiland\Desktop\TdP_Bomberman\\dep\dll\x64\libmodplug-1.dll
  C:\Users\aweiland\Desktop\TdP_Bomberman\\dep\dll\x64\libogg-0.dll
  C:\Users\aweiland\Desktop\TdP_Bomberman\\dep\dll\x64\libpng16-16.dll
  C:\Users\aweiland\Desktop\TdP_Bomberman\\dep\dll\x64\libtiff-5.dll
  C:\Users\aweiland\Desktop\TdP_Bomberman\\dep\dll\x64\libvorbis-0.dll
  C:\Users\aweiland\Desktop\TdP_Bomberman\\dep\dll\x64\libvorbisfile-3.dll
  C:\Users\aweiland\Desktop\TdP_Bomberman\\dep\dll\x64\libwebp-4.dll
  C:\Users\aweiland\Desktop\TdP_Bomberman\\dep\dll\x64\SDL2.dll
  C:\Users\aweiland\Desktop\TdP_Bomberman\\dep\dll\x64\SDL2_image.dll
  C:\Users\aweiland\Desktop\TdP_Bomberman\\dep\dll\x64\SDL2_mixer.dll
  C:\Users\aweiland\Desktop\TdP_Bomberman\\dep\dll\x64\SDL2_net.dll
  C:\Users\aweiland\Desktop\TdP_Bomberman\\dep\dll\x64\SDL2_ttf.dll
  C:\Users\aweiland\Desktop\TdP_Bomberman\\dep\dll\x64\smpeg2.dll
  C:\Users\aweiland\Desktop\TdP_Bomberman\\dep\dll\x64\zlib1.dll
  18 File(s) copied
